<?xml version="1.0" encoding="UTF-8"?>
<!-- Generated by org.testng.reporters.JUnitReportReporter -->
<testsuite hostname="Artans-MBP.fritz.box" failures="0" tests="1" name="com.reqresAPI_test.UpdateUser_req" time="3.469" errors="0" timestamp="2022-10-09T13:37:36 CEST" skipped="0">
  <testcase classname="com.reqresAPI_test.UpdateUser_req" name="UpdateUser" time="3.469"/>
  <system-out/>
</testsuite> <!-- com.reqresAPI_test.UpdateUser_req -->
