<?xml version="1.0" encoding="UTF-8"?>
<!-- Generated by org.testng.reporters.JUnitReportReporter -->
<testsuite hostname="Artans-MBP.fritz.box" failures="0" tests="1" name="com.reqresAPI_test.DeleteUser_req" time="2.564" errors="0" timestamp="2022-10-09T14:12:55 CEST" skipped="0">
  <testcase classname="com.reqresAPI_test.DeleteUser_req" name="deleteUSer" time="2.564"/>
  <system-out/>
</testsuite> <!-- com.reqresAPI_test.DeleteUser_req -->
