<?xml version="1.0" encoding="UTF-8"?>
<!-- Generated by org.testng.reporters.JUnitReportReporter -->
<testsuite hostname="Artans-MBP.fritz.box" failures="0" tests="1" name="com.test.api.RA_phaseEnd.CreateUserTest" time="2.947" errors="0" timestamp="2022-10-07T17:47:01 CEST" skipped="0">
  <testcase classname="com.test.api.RA_phaseEnd.CreateUserTest" name="CreateUser" time="2.947"/>
  <system-out/>
</testsuite> <!-- com.test.api.RA_phaseEnd.CreateUserTest -->
