<?xml version="1.0" encoding="UTF-8"?>
<!-- Generated by org.testng.reporters.JUnitReportReporter -->
<testsuite hostname="Artans-MBP.fritz.box" failures="0" tests="1" name="com.reqresAPI_test.CreateUser_req" time="3.946" errors="0" timestamp="2022-10-09T13:33:31 CEST" skipped="0">
  <testcase classname="com.reqresAPI_test.CreateUser_req" name="CreateUser" time="3.946"/>
  <system-out/>
</testsuite> <!-- com.reqresAPI_test.CreateUser_req -->
